<?xml version="1.0" encoding="UTF-8"?>
<!-- Generated by org.testng.reporters.JUnitReportReporter -->
<testsuite hostname="DESKTOP-CPVFIUC" name="com.training.sanity.tests.ELTC_009_UnsubscribeCourse_asTeacher" tests="1" failures="0" timestamp="9 Sep 2019 11:56:30 GMT" time="27.531" errors="0">
  <testcase name="validLoginTest" time="27.531" classname="com.training.sanity.tests.ELTC_009_UnsubscribeCourse_asTeacher"/>
</testsuite> <!-- com.training.sanity.tests.ELTC_009_UnsubscribeCourse_asTeacher -->
