<?xml version="1.0" encoding="UTF-8"?>
<!-- Generated by org.testng.reporters.JUnitReportReporter -->
<testsuite hostname="DESKTOP-CPVFIUC" name="com.training.sanity.tests.ELTC_010_DisplayCourseList_asTeacher" tests="1" failures="0" timestamp="9 Sep 2019 13:25:19 GMT" time="47.505" errors="0">
  <testcase name="validLoginTest" time="47.505" classname="com.training.sanity.tests.ELTC_010_DisplayCourseList_asTeacher"/>
</testsuite> <!-- com.training.sanity.tests.ELTC_010_DisplayCourseList_asTeacher -->
